Sender: LSF System <lsfadmin@lh05g21>
Subject: Job 170614881: <HiC_step1> in cluster <chimera> Exited

Job <HiC_step1> was submitted from host <li04e03> by user <giottb01> in cluster <chimera> at Sun Feb 23 11:53:24 2025
Job was executed on host(s) <8*lh05g21>, in queue <premium>, as user <giottb01> in cluster <chimera> at Sun Feb 23 11:53:26 2025
</hpc/users/giottb01> was used as the home directory.
</sc/arion/projects/Tsankov_Normal_Lung/Bruno/mesothelioma/scATAC_PM/git_repo> was used as the working directory.
Started at Sun Feb 23 11:53:26 2025
Terminated at Sun Feb 23 11:53:30 2025
Results reported at Sun Feb 23 11:53:30 2025

Your job looked like:

------------------------------------------------------------
# LSBATCH: User input
/sc/arion/projects/Tsankov_Normal_Lung/Bruno/mesothelioma/scATAC_PM/git_repo/utils/HiC_Pro.sh
------------------------------------------------------------

Exited with exit code 1.

Resource usage summary:

    CPU time :                                   2.14 sec.
    Max Memory :                                 25 MB
    Average Memory :                             21.25 MB
    Total Requested Memory :                     128000.00 MB
    Delta Memory :                               127975.00 MB
    Max Swap :                                   -
    Max Processes :                              5
    Max Threads :                                6
    Run time :                                   4 sec.
    Turnaround time :                            6 sec.

The output (if any) follows:

/sc/arion/scratch/giottb01/HiCPro2 folder alreads exists. Do you want to overwrite it ? (y/n) [n] : 


PS:

Read file <HiC.err> for stderr output of this job.

Sender: LSF System <lsfadmin@lh06g03>
Subject: Job 170615677: <HiC_step1> in cluster <chimera> Done

Job <HiC_step1> was submitted from host <li04e03> by user <giottb01> in cluster <chimera> at Sun Feb 23 11:54:47 2025
Job was executed on host(s) <8*lh06g03>, in queue <premium>, as user <giottb01> in cluster <chimera> at Sun Feb 23 11:54:51 2025
</hpc/users/giottb01> was used as the home directory.
</sc/arion/projects/Tsankov_Normal_Lung/Bruno/mesothelioma/scATAC_PM/git_repo> was used as the working directory.
Started at Sun Feb 23 11:54:51 2025
Terminated at Wed Feb 26 03:15:03 2025
Results reported at Wed Feb 26 03:15:03 2025

Your job looked like:

------------------------------------------------------------
# LSBATCH: User input
/sc/arion/projects/Tsankov_Normal_Lung/Bruno/mesothelioma/scATAC_PM/git_repo/utils/HiC_Pro.sh
------------------------------------------------------------

Successfully completed.

Resource usage summary:

    CPU time :                                   1172984.00 sec.
    Max Memory :                                 21497 MB
    Average Memory :                             4913.25 MB
    Total Requested Memory :                     128000.00 MB
    Delta Memory :                               106503.00 MB
    Max Swap :                                   -
    Max Processes :                              14
    Max Threads :                                47
    Run time :                                   228012 sec.
    Turnaround time :                            228016 sec.

The output (if any) follows:


Run HiC-Pro 3.1.0
--------------------------------------------
Sun Feb 23 11:54:53 AM EST 2025
Bowtie2 alignment step1 ...
Logs: logs/SRR13961069/mapping_step1.log
Logs: logs/SRR13961070/mapping_step1.log
Logs: logs/SRR13961071/mapping_step1.log
Logs: logs/SRR13961072/mapping_step1.log
Logs: logs/SRR13961073/mapping_step1.log
Logs: logs/SRR13961074/mapping_step1.log

--------------------------------------------
Mon Feb 24 01:04:52 PM EST 2025
Bowtie2 alignment step2 ...
Logs: logs/SRR13961069/mapping_step2.log
Logs: logs/SRR13961070/mapping_step2.log
Logs: logs/SRR13961071/mapping_step2.log
Logs: logs/SRR13961072/mapping_step2.log
Logs: logs/SRR13961073/mapping_step2.log
Logs: logs/SRR13961074/mapping_step2.log

--------------------------------------------
Mon Feb 24 11:39:31 PM EST 2025
Combine R1/R2 alignment files ...
Logs: logs/SRR13961069/mapping_combine.log
Logs: logs/SRR13961070/mapping_combine.log
Logs: logs/SRR13961071/mapping_combine.log
Logs: logs/SRR13961072/mapping_combine.log
Logs: logs/SRR13961073/mapping_combine.log
Logs: logs/SRR13961074/mapping_combine.log

--------------------------------------------
Tue Feb 25 02:20:20 AM EST 2025
Mapping statistics for R1 and R2 tags ...
Logs: logs/SRR13961069/mapping_stats.log
Logs: logs/SRR13961070/mapping_stats.log
Logs: logs/SRR13961071/mapping_stats.log
Logs: logs/SRR13961072/mapping_stats.log
Logs: logs/SRR13961073/mapping_stats.log
Logs: logs/SRR13961074/mapping_stats.log

--------------------------------------------
Tue Feb 25 03:25:39 AM EST 2025
Pairing of R1 and R2 tags ...
Logs: logs/SRR13961069/mergeSAM.log
Logs: logs/SRR13961070/mergeSAM.log
Logs: logs/SRR13961071/mergeSAM.log
Logs: logs/SRR13961072/mergeSAM.log
Logs: logs/SRR13961073/mergeSAM.log
Logs: logs/SRR13961074/mergeSAM.log

--------------------------------------------
Tue Feb 25 07:59:35 AM EST 2025
Assign alignments to restriction fragments ...
Logs: logs/SRR13961069/mapped_2hic_fragments.log
Logs: logs/SRR13961070/mapped_2hic_fragments.log
Logs: logs/SRR13961071/mapped_2hic_fragments.log
Logs: logs/SRR13961072/mapped_2hic_fragments.log
Logs: logs/SRR13961073/mapped_2hic_fragments.log
Logs: logs/SRR13961074/mapped_2hic_fragments.log

--------------------------------------------
Wed Feb 26 02:43:47 AM EST 2025
Merge chunks from the same sample ...
Logs: logs/SRR13961069/merge_valid_interactions.log
Logs: logs/SRR13961070/merge_valid_interactions.log
Logs: logs/SRR13961071/merge_valid_interactions.log
Logs: logs/SRR13961072/merge_valid_interactions.log
Logs: logs/SRR13961073/merge_valid_interactions.log
Logs: logs/SRR13961074/merge_valid_interactions.log

--------------------------------------------
Wed Feb 26 03:00:14 AM EST 2025
Merge stat files per sample ...
Logs: logs/SRR13961069/merge_stats.log
Logs: logs/SRR13961070/merge_stats.log
Logs: logs/SRR13961071/merge_stats.log
Logs: logs/SRR13961072/merge_stats.log
Logs: logs/SRR13961073/merge_stats.log
Logs: logs/SRR13961074/merge_stats.log

--------------------------------------------
Wed Feb 26 03:00:20 AM EST 2025
Run quality checks for all samples ...
Logs: logs/SRR13961069/make_Rplots.log
Logs: logs/SRR13961070/make_Rplots.log
Logs: logs/SRR13961071/make_Rplots.log
Logs: logs/SRR13961072/make_Rplots.log
Logs: logs/SRR13961073/make_Rplots.log
Logs: logs/SRR13961074/make_Rplots.log

--------------------------------------------
Wed Feb 26 03:01:02 AM EST 2025
Generate binned matrix files ...
Logs: logs/SRR13961069/build_raw_maps.log
Logs: logs/SRR13961070/build_raw_maps.log
Logs: logs/SRR13961071/build_raw_maps.log
Logs: logs/SRR13961072/build_raw_maps.log
Logs: logs/SRR13961073/build_raw_maps.log
Logs: logs/SRR13961074/build_raw_maps.log

--------------------------------------------
Wed Feb 26 03:05:49 AM EST 2025
Run ICE Normalization ...
Logs: logs/SRR13961069/ice_500000.log
Logs: logs/SRR13961069/ice_1000000.log
Logs: logs/SRR13961070/ice_500000.log
Logs: logs/SRR13961070/ice_1000000.log
Logs: logs/SRR13961071/ice_500000.log
Logs: logs/SRR13961071/ice_1000000.log
Logs: logs/SRR13961072/ice_500000.log
Logs: logs/SRR13961072/ice_1000000.log
Logs: logs/SRR13961073/ice_500000.log
Logs: logs/SRR13961073/ice_1000000.log
Logs: logs/SRR13961074/ice_500000.log
Logs: logs/SRR13961074/ice_1000000.log


PS:

Read file <HiC.err> for stderr output of this job.

